<?xml version="1.0" encoding="UTF-8"?>
<!-- Generated by org.testng.reporters.JUnitReportReporter -->
<testsuite hostname="LWO1-LHP-F72358" failures="0" tests="1" name="com.herokuapp.theinternet.PositiveTests" time="11.716" errors="0" timestamp="2020-01-14T15:44:55 EET" skipped="0">
  <testcase classname="com.herokuapp.theinternet.PositiveTests" name="positiveLoginTest" time="11.716"/>
  <system-out/>
</testsuite> <!-- com.herokuapp.theinternet.PositiveTests -->
