<?xml version="1.0" encoding="UTF-8"?>
<!-- Generated by org.testng.reporters.JUnitReportReporter -->
<testsuite hostname="LWO1-LHP-F72358" failures="0" tests="2" name="com.herokuapp.theinternet.NegativeTests" time="22.556" errors="0" timestamp="2020-01-14T15:44:55 EET" skipped="0">
  <testcase classname="com.herokuapp.theinternet.NegativeTests" name="incorrectUsernameTest" time="11.101"/>
  <system-out/>
  <testcase classname="com.herokuapp.theinternet.NegativeTests" name="incorrectPasswordTest" time="11.455"/>
  <system-out/>
</testsuite> <!-- com.herokuapp.theinternet.NegativeTests -->
